<?xml version="1.0" encoding="UTF-8"?>
<!-- Generated by org.testng.reporters.JUnitReportReporter -->
<testsuite skipped="0" hostname="del1-lhp-n61428" name="test.TestNG_Demo" tests="1" failures="0" timestamp="06 Aug 2019 09:39:41 GMT" time="2.114" errors="0">
  <testcase name="googlesearch" time="2.114" classname="test.TestNG_Demo"/>
</testsuite> <!-- test.TestNG_Demo -->
