<?xml version="1.0" encoding="UTF-8"?>
<!-- Generated by org.testng.reporters.JUnitReportReporter -->
<testsuite skipped="0" hostname="del1-lhp-n61428" name="Seleniumjava_framework.Seleniumjava_framework.BrowserTest" tests="1" failures="0" timestamp="05 Aug 2019 10:12:22 GMT" time="8.993" errors="0">
  <testcase name="selenium" time="8.993" classname="Seleniumjava_framework.Seleniumjava_framework.BrowserTest"/>
</testsuite> <!-- Seleniumjava_framework.Seleniumjava_framework.BrowserTest -->
