<?xml version="1.0" encoding="UTF-8"?>
<!-- Generated by org.testng.reporters.JUnitReportReporter -->
<testsuite skipped="0" hostname="del1-lhp-n61428" name="pages.GoogleSearchPage" tests="1" failures="0" timestamp="06 Aug 2019 05:25:39 GMT" time="7.747" errors="0">
  <testcase name="google_search" time="7.747" classname="pages.GoogleSearchPage"/>
</testsuite> <!-- pages.GoogleSearchPage -->
